<?xml version="1.0" encoding="UTF-8"?>
<!-- Generated by org.testng.reporters.JUnitXMLReporter -->
<testsuite ignored="3" hostname="POBBATHI-RAJESWARI" failures="0" tests="4" name="Default test" time="4.24" errors="0" timestamp="2023-08-01T14:30:33 IST">
  <testcase classname="TestAPI" name="auth" time="2.548"/>
  <testcase classname="TestAPI" name="post" time="0.569"/>
  <testcase classname="TestAPI" name="post" time="0.489"/>
  <testcase classname="TestAPI" name="post" time="0.575"/>
  <testcase classname="TestAPI" name="getmethod_bddstyle" time="0.0">
    <ignored/>
  </testcase> <!-- getmethod_bddstyle -->
  <testcase classname="TestAPI" name="getmethod" time="0.0">
    <ignored/>
  </testcase> <!-- getmethod -->
  <testcase classname="TestAPI" name="delete" time="0.0">
    <ignored/>
  </testcase> <!-- delete -->
</testsuite> <!-- Default test -->
